[2025-10-13T14:57:22.325Z] INFO: GET /api/support-tickets
[2025-10-13T14:57:22.328Z] WARN: Route not found
[2025-10-13T14:57:37.650Z] INFO: GET /api/support-tickets
[2025-10-13T14:57:37.652Z] WARN: Route not found
[2025-10-13T15:02:10.414Z] INFO: GET /api/support-tickets
[2025-10-13T15:02:11.469Z] INFO: GET /api/reports
[2025-10-13T15:02:12.175Z] INFO: GET /api/support-tickets
[2025-10-13T15:02:16.580Z] INFO: GET /api/support-tickets
[2025-10-13T15:02:17.082Z] INFO: GET /api/reports
[2025-10-13T15:02:17.432Z] INFO: GET /api/support-tickets
[2025-10-13T15:06:51.233Z] INFO: GET /api/support-tickets
[2025-10-13T15:06:53.513Z] INFO: GET /api/reports
[2025-10-13T15:06:54.068Z] INFO: GET /api/support-tickets
[2025-10-13T15:06:55.346Z] INFO: PATCH /api/support-tickets/2/status
[2025-10-13T15:06:55.351Z] WARN: Route not found
[2025-10-13T15:06:55.670Z] INFO: PATCH /api/support-tickets/2/status
[2025-10-13T15:06:55.672Z] WARN: Route not found
[2025-10-13T15:07:06.088Z] INFO: GET /api/support-tickets
[2025-10-13T15:07:06.603Z] INFO: GET /api/support-tickets
[2025-10-13T15:07:07.043Z] INFO: GET /api/support-tickets
[2025-10-13T15:07:07.395Z] INFO: GET /api/support-tickets
[2025-10-13T15:07:08.649Z] INFO: PATCH /api/support-tickets/2/status
[2025-10-13T15:07:08.650Z] WARN: Route not found
[2025-10-13T15:07:09.606Z] INFO: PATCH /api/support-tickets/2/status
[2025-10-13T15:07:09.607Z] WARN: Route not found
[2025-10-13T15:07:09.799Z] INFO: PATCH /api/support-tickets/2/status
[2025-10-13T15:07:09.801Z] WARN: Route not found
[2025-10-13T15:07:11.021Z] INFO: GET /api/support-tickets
[2025-10-13T15:07:11.882Z] INFO: GET /api/support-tickets
[2025-10-13T15:07:12.528Z] INFO: GET /api/support-tickets
[2025-10-13T15:07:13.832Z] INFO: GET /api/support-tickets
[2025-10-13T15:07:14.927Z] INFO: PATCH /api/support-tickets/2/status
[2025-10-13T15:07:14.936Z] WARN: Route not found
[2025-10-13T15:07:15.110Z] INFO: PATCH /api/support-tickets/2/status
[2025-10-13T15:07:15.125Z] WARN: Route not found
[2025-10-13T15:07:15.301Z] INFO: PATCH /api/support-tickets/2/status
[2025-10-13T15:07:15.302Z] WARN: Route not found
[2025-10-13T15:07:15.534Z] INFO: PATCH /api/support-tickets/2/status
[2025-10-13T15:07:15.536Z] WARN: Route not found
[2025-10-13T15:07:25.261Z] INFO: GET /api/reports
[2025-10-13T15:07:26.428Z] INFO: GET /api/support-tickets
[2025-10-13T15:07:26.913Z] INFO: GET /api/reports
[2025-10-13T15:07:27.713Z] INFO: GET /api/reports
[2025-10-13T15:07:28.025Z] INFO: GET /api/reports
[2025-10-13T15:07:28.321Z] INFO: GET /api/reports
[2025-10-13T15:07:28.712Z] INFO: GET /api/reports
[2025-10-13T15:07:29.194Z] INFO: GET /api/reports
[2025-10-13T15:07:31.306Z] INFO: GET /api/support-tickets
[2025-10-13T15:07:31.561Z] INFO: GET /api/reports
[2025-10-13T15:07:32.888Z] INFO: GET /api/support-tickets
[2025-10-13T15:07:33.290Z] INFO: GET /api/reports
[2025-10-13T15:07:33.801Z] INFO: GET /api/support-tickets
[2025-10-13T15:07:38.408Z] INFO: PATCH /api/support-tickets/1/status
[2025-10-13T15:07:38.409Z] WARN: Route not found
[2025-10-13T15:14:00.721Z] INFO: GET /api/support-tickets
[2025-10-13T15:14:00.723Z] INFO: GET /api/support-tickets - userId: undefined, status: undefined
[2025-10-13T15:14:04.121Z] INFO: PATCH /api/support-tickets/2/status
[2025-10-13T15:14:04.123Z] INFO: PATCH /api/support-tickets/2/status - New status: RESOLVED
[2025-10-13T15:14:04.124Z] INFO: Updating ticket status
[2025-10-13T15:14:06.385Z] INFO: PATCH /api/support-tickets/2/status
[2025-10-13T15:14:06.386Z] INFO: PATCH /api/support-tickets/2/status - New status: IN_PROGRESS
[2025-10-13T15:14:06.388Z] INFO: Updating ticket status
[2025-10-13T15:14:10.396Z] INFO: PATCH /api/support-tickets/2/status
[2025-10-13T15:14:10.399Z] INFO: PATCH /api/support-tickets/2/status - New status: IN_PROGRESS
[2025-10-13T15:14:10.401Z] INFO: Updating ticket status
[2025-10-13T15:14:32.754Z] INFO: GET /api/support-tickets
[2025-10-13T15:14:32.755Z] INFO: GET /api/support-tickets - userId: undefined, status: undefined
[2025-10-13T15:14:34.632Z] INFO: GET /api/support-tickets
[2025-10-13T15:14:34.632Z] INFO: GET /api/support-tickets - userId: undefined, status: RESOLVED
[2025-10-13T15:14:35.190Z] INFO: GET /api/support-tickets
[2025-10-13T15:14:35.191Z] INFO: GET /api/support-tickets - userId: undefined, status: IN_PROGRESS
[2025-10-13T15:14:35.591Z] INFO: GET /api/support-tickets
[2025-10-13T15:14:35.592Z] INFO: GET /api/support-tickets - userId: undefined, status: PENDING
[2025-10-13T15:14:35.855Z] INFO: GET /api/support-tickets
[2025-10-13T15:14:35.857Z] INFO: GET /api/support-tickets - userId: undefined, status: undefined
[2025-10-13T15:14:37.309Z] INFO: PATCH /api/support-tickets/2/status
[2025-10-13T15:14:37.310Z] INFO: PATCH /api/support-tickets/2/status - New status: RESOLVED
[2025-10-13T15:14:37.312Z] INFO: Updating ticket status
[2025-10-13T15:14:39.202Z] INFO: GET /api/support-tickets
[2025-10-13T15:14:39.204Z] INFO: GET /api/support-tickets - userId: undefined, status: RESOLVED
[2025-10-13T15:14:39.645Z] INFO: GET /api/support-tickets
[2025-10-13T15:14:39.647Z] INFO: GET /api/support-tickets - userId: undefined, status: IN_PROGRESS
[2025-10-13T15:14:39.901Z] INFO: GET /api/support-tickets
[2025-10-13T15:14:39.902Z] INFO: GET /api/support-tickets - userId: undefined, status: PENDING
[2025-10-13T15:14:40.117Z] INFO: GET /api/support-tickets
[2025-10-13T15:14:40.117Z] INFO: GET /api/support-tickets - userId: undefined, status: undefined
[2025-10-13T15:14:59.641Z] INFO: PATCH /api/support-tickets/2/status
[2025-10-13T15:14:59.642Z] INFO: PATCH /api/support-tickets/2/status - New status: RESOLVED
[2025-10-13T15:14:59.643Z] INFO: Updating ticket status
[2025-10-13T15:15:01.800Z] INFO: PATCH /api/support-tickets/2/status
[2025-10-13T15:15:01.801Z] INFO: PATCH /api/support-tickets/2/status - New status: RESOLVED
[2025-10-13T15:15:01.803Z] INFO: Updating ticket status
[2025-10-13T15:15:02.142Z] INFO: PATCH /api/support-tickets/2/status
[2025-10-13T15:15:02.144Z] INFO: PATCH /api/support-tickets/2/status - New status: RESOLVED
[2025-10-13T15:15:02.145Z] INFO: Updating ticket status
[2025-10-13T15:15:02.319Z] INFO: PATCH /api/support-tickets/2/status
[2025-10-13T15:15:02.320Z] INFO: PATCH /api/support-tickets/2/status - New status: RESOLVED
[2025-10-13T15:15:02.322Z] INFO: Updating ticket status
[2025-10-13T15:15:02.495Z] INFO: PATCH /api/support-tickets/2/status
[2025-10-13T15:15:02.497Z] INFO: PATCH /api/support-tickets/2/status - New status: RESOLVED
[2025-10-13T15:15:02.499Z] INFO: Updating ticket status
[2025-10-13T15:15:02.654Z] INFO: PATCH /api/support-tickets/2/status
[2025-10-13T15:15:02.656Z] INFO: PATCH /api/support-tickets/2/status - New status: RESOLVED
[2025-10-13T15:15:02.658Z] INFO: Updating ticket status
[2025-10-13T15:15:02.821Z] INFO: PATCH /api/support-tickets/2/status
[2025-10-13T15:15:02.822Z] INFO: PATCH /api/support-tickets/2/status - New status: RESOLVED
[2025-10-13T15:15:02.823Z] INFO: Updating ticket status
[2025-10-13T15:15:02.999Z] INFO: PATCH /api/support-tickets/2/status
[2025-10-13T15:15:03.001Z] INFO: PATCH /api/support-tickets/2/status - New status: RESOLVED
[2025-10-13T15:15:03.004Z] INFO: Updating ticket status
[2025-10-13T15:15:04.150Z] INFO: PATCH /api/support-tickets/2/status
[2025-10-13T15:15:04.151Z] INFO: PATCH /api/support-tickets/2/status - New status: IN_PROGRESS
[2025-10-13T15:15:04.152Z] INFO: Updating ticket status
[2025-10-13T15:15:05.207Z] INFO: PATCH /api/support-tickets/1/status
[2025-10-13T15:15:05.208Z] INFO: PATCH /api/support-tickets/1/status - New status: RESOLVED
[2025-10-13T15:15:05.209Z] INFO: Updating ticket status
[2025-10-13T15:15:05.566Z] INFO: PATCH /api/support-tickets/1/status
[2025-10-13T15:15:05.567Z] INFO: PATCH /api/support-tickets/1/status - New status: RESOLVED
[2025-10-13T15:15:05.568Z] INFO: Updating ticket status
[2025-10-13T15:15:05.735Z] INFO: PATCH /api/support-tickets/1/status
[2025-10-13T15:15:05.736Z] INFO: PATCH /api/support-tickets/1/status - New status: RESOLVED
[2025-10-13T15:15:05.737Z] INFO: Updating ticket status
[2025-10-13T15:17:22.845Z] INFO: GET /api/reports
[2025-10-13T15:17:23.776Z] INFO: GET /api/support-tickets
[2025-10-13T15:17:23.778Z] INFO: GET /api/support-tickets - userId: undefined, status: undefined
[2025-10-13T15:17:44.897Z] INFO: GET /api/support-tickets
[2025-10-13T15:17:44.898Z] INFO: GET /api/support-tickets - userId: undefined, status: PENDING
[2025-10-13T15:17:46.165Z] INFO: GET /api/support-tickets
[2025-10-13T15:17:46.166Z] INFO: GET /api/support-tickets - userId: undefined, status: IN_PROGRESS
[2025-10-13T15:17:47.056Z] INFO: GET /api/support-tickets
[2025-10-13T15:17:47.056Z] INFO: GET /api/support-tickets - userId: undefined, status: PENDING
[2025-10-13T15:17:47.432Z] INFO: GET /api/support-tickets
[2025-10-13T15:17:47.433Z] INFO: GET /api/support-tickets - userId: undefined, status: undefined
[2025-10-13T15:21:58.411Z] INFO: PATCH /api/support-tickets/2/status
[2025-10-13T15:21:58.411Z] INFO: PATCH /api/support-tickets/2/status - New status: resolved
[2025-10-13T15:21:58.412Z] INFO: Updating ticket status
[2025-10-13T15:21:59.675Z] INFO: PATCH /api/support-tickets/2/status
[2025-10-13T15:21:59.676Z] INFO: PATCH /api/support-tickets/2/status - New status: resolved
[2025-10-13T15:21:59.677Z] INFO: Updating ticket status
[2025-10-13T15:22:03.916Z] INFO: GET /api/support-tickets
[2025-10-13T15:22:03.917Z] INFO: GET /api/support-tickets - userId: undefined, status: undefined
[2025-10-13T15:22:06.083Z] INFO: GET /api/support-tickets
[2025-10-13T15:22:06.085Z] INFO: GET /api/support-tickets - userId: undefined, status: open
[2025-10-13T15:22:06.551Z] INFO: GET /api/support-tickets
[2025-10-13T15:22:06.552Z] INFO: GET /api/support-tickets - userId: undefined, status: in_progress
[2025-10-13T15:22:07.526Z] INFO: GET /api/support-tickets
[2025-10-13T15:22:07.527Z] INFO: GET /api/support-tickets - userId: undefined, status: undefined
[2025-10-13T15:22:13.188Z] INFO: GET /api/support-tickets
[2025-10-13T15:22:13.189Z] INFO: GET /api/support-tickets - userId: undefined, status: in_progress
[2025-10-13T15:22:13.760Z] INFO: GET /api/support-tickets
[2025-10-13T15:22:13.762Z] INFO: GET /api/support-tickets - userId: undefined, status: resolved
[2025-10-13T15:22:15.218Z] INFO: GET /api/support-tickets
[2025-10-13T15:22:15.219Z] INFO: GET /api/support-tickets - userId: undefined, status: undefined
[2025-10-13T15:22:47.886Z] INFO: GET /api/support-tickets
[2025-10-13T15:22:47.887Z] INFO: GET /api/support-tickets - userId: undefined, status: in_progress
[2025-10-13T15:22:48.425Z] INFO: GET /api/support-tickets
[2025-10-13T15:22:48.428Z] INFO: GET /api/support-tickets - userId: undefined, status: open
[2025-10-13T15:22:48.842Z] INFO: GET /api/support-tickets
[2025-10-13T15:22:48.843Z] INFO: GET /api/support-tickets - userId: undefined, status: in_progress
[2025-10-13T15:22:49.241Z] INFO: GET /api/support-tickets
[2025-10-13T15:22:49.243Z] INFO: GET /api/support-tickets - userId: undefined, status: undefined
[2025-10-13T15:22:49.635Z] INFO: GET /api/support-tickets
[2025-10-13T15:22:49.636Z] INFO: GET /api/support-tickets - userId: undefined, status: open
[2025-10-13T15:22:49.953Z] INFO: GET /api/support-tickets
[2025-10-13T15:22:49.954Z] INFO: GET /api/support-tickets - userId: undefined, status: in_progress
[2025-10-13T15:22:50.632Z] INFO: GET /api/support-tickets
[2025-10-13T15:22:50.633Z] INFO: GET /api/support-tickets - userId: undefined, status: undefined
[2025-10-13T15:25:20.906Z] INFO: GET /api/support-tickets
[2025-10-13T15:25:20.906Z] INFO: GET /api/support-tickets - userId: undefined, status: open
[2025-10-13T15:25:21.495Z] INFO: GET /api/support-tickets
[2025-10-13T15:25:21.496Z] INFO: GET /api/support-tickets - userId: undefined, status: in_progress
[2025-10-13T15:25:21.920Z] INFO: GET /api/support-tickets
[2025-10-13T15:25:21.921Z] INFO: GET /api/support-tickets - userId: undefined, status: resolved
[2025-10-13T15:25:22.569Z] INFO: GET /api/support-tickets
[2025-10-13T15:25:22.570Z] INFO: GET /api/support-tickets - userId: undefined, status: undefined
[2025-10-13T15:25:23.808Z] INFO: GET /api/reports
[2025-10-13T15:25:24.314Z] INFO: GET /api/support-tickets
[2025-10-13T15:25:24.315Z] INFO: GET /api/support-tickets - userId: undefined, status: undefined
[2025-10-13T15:25:27.521Z] INFO: GET /api/support-tickets
[2025-10-13T15:25:27.522Z] INFO: GET /api/support-tickets - userId: undefined, status: undefined
[2025-10-13T15:25:27.837Z] INFO: GET /api/reports
[2025-10-13T15:25:28.266Z] INFO: GET /api/support-tickets
[2025-10-13T15:25:28.267Z] INFO: GET /api/support-tickets - userId: undefined, status: undefined
[2025-10-13T15:25:29.230Z] INFO: GET /api/reports
[2025-10-13T15:25:29.579Z] INFO: GET /api/support-tickets
[2025-10-13T15:25:29.580Z] INFO: GET /api/support-tickets - userId: undefined, status: undefined
[2025-10-13T15:25:30.253Z] INFO: GET /api/reports
[2025-10-13T15:25:32.082Z] INFO: GET /api/support-tickets
[2025-10-13T15:25:32.083Z] INFO: GET /api/support-tickets - userId: undefined, status: undefined
[2025-10-13T15:28:23.997Z] INFO: GET /api/reports
[2025-10-13T15:28:24.424Z] INFO: GET /api/support-tickets
[2025-10-13T15:28:24.425Z] INFO: GET /api/support-tickets - userId: undefined, status: undefined
[2025-10-13T15:28:25.561Z] INFO: GET /api/reports
[2025-10-13T15:28:26.641Z] INFO: GET /api/reports
[2025-10-13T15:28:27.041Z] INFO: GET /api/reports
[2025-10-13T15:28:27.896Z] INFO: GET /api/reports
[2025-10-13T15:28:28.296Z] INFO: GET /api/reports
[2025-10-13T15:28:28.632Z] INFO: GET /api/reports
[2025-10-13T15:28:29.081Z] INFO: GET /api/reports
[2025-10-13T15:28:29.768Z] INFO: GET /api/reports
[2025-10-13T15:28:30.138Z] INFO: GET /api/reports
[2025-10-13T15:28:30.296Z] INFO: GET /api/reports
[2025-10-13T15:28:31.105Z] INFO: GET /api/reports
[2025-10-13T15:28:31.313Z] INFO: GET /api/reports
[2025-10-13T15:28:31.767Z] INFO: GET /api/reports
[2025-10-13T15:28:31.944Z] INFO: GET /api/reports
[2025-10-13T15:28:32.111Z] INFO: GET /api/reports
[2025-10-13T15:28:32.681Z] INFO: GET /api/reports
[2025-10-13T15:28:32.999Z] INFO: GET /api/reports
[2025-10-13T15:28:33.383Z] INFO: GET /api/reports
[2025-10-13T15:28:34.103Z] INFO: GET /api/reports
[2025-10-13T15:28:34.383Z] INFO: GET /api/reports
[2025-10-13T15:28:34.735Z] INFO: GET /api/reports
[2025-10-13T15:28:35.087Z] INFO: GET /api/reports
[2025-10-13T15:28:35.991Z] INFO: GET /api/support-tickets
[2025-10-13T15:28:35.992Z] INFO: GET /api/support-tickets - userId: undefined, status: undefined
[2025-10-13T15:28:37.672Z] INFO: GET /api/support-tickets
[2025-10-13T15:28:37.673Z] INFO: GET /api/support-tickets - userId: undefined, status: open
[2025-10-13T15:28:37.990Z] INFO: GET /api/support-tickets
[2025-10-13T15:28:37.992Z] INFO: GET /api/support-tickets - userId: undefined, status: in_progress
[2025-10-13T15:28:38.238Z] INFO: GET /api/support-tickets
[2025-10-13T15:28:38.239Z] INFO: GET /api/support-tickets - userId: undefined, status: resolved
[2025-10-13T15:29:04.378Z] INFO: GET /api/support-tickets
[2025-10-13T15:29:04.379Z] INFO: GET /api/support-tickets - userId: undefined, status: in_progress
[2025-10-13T15:29:04.782Z] INFO: GET /api/support-tickets
[2025-10-13T15:29:04.783Z] INFO: GET /api/support-tickets - userId: undefined, status: open
[2025-10-13T15:30:04.368Z] INFO: GET /api/reports
[2025-10-13T15:30:05.641Z] INFO: GET /api/reports
[2025-10-13T15:30:06.000Z] INFO: GET /api/reports
[2025-10-13T15:30:06.296Z] INFO: GET /api/reports
[2025-10-13T15:30:11.200Z] INFO: GET /api/support-tickets
[2025-10-13T15:30:11.201Z] INFO: GET /api/support-tickets - userId: undefined, status: open
[2025-10-13T15:30:11.735Z] INFO: GET /api/reports
[2025-10-14T02:16:45.962Z] INFO: GET /api/support-tickets
[2025-10-14T02:16:45.965Z] INFO: GET /api/support-tickets - userId: undefined, status: undefined
[2025-10-14T02:16:50.332Z] INFO: GET /api/reports
